<?xml version="1.0" encoding="UTF-8"?>
<!-- Generated by org.testng.reporters.JUnitReportReporter -->
<testsuite hostname="ShrikantSarodeLaptop" failures="0" tests="2" name="TestRunner.Run" time="30.110" errors="0" timestamp="2023-09-25T12:16:57 IST" skipped="0">
  <testcase classname="TestRunner.Run" name="runScenario" time="10.964"/>
  <system-out/>
  <testcase classname="TestRunner.Run" name="runScenario" time="19.146"/>
  <system-out/>
</testsuite> <!-- TestRunner.Run -->
